[NebulaOS.Root.Main] (2022-08-10 10:09:41) Info: Using drive: OS
[NebulaOS.Root.Main] (2022-08-10 10:09:41) Info: Creating user and system dependencies...
[NebulaOS.Root.Main] (2022-08-10 10:09:41) Info: Loading system..
[NebulaOS.NSystem.Deps.CreateSystem] (2022-08-10 10:09:43) Error: RootConfig value Drives is undefined.
[NebulaOS.NSystem.Deps.CreateSystem] (2022-08-10 10:09:43) Error: RootConfig value DefaultDrive is undefined.
[NebulaOS.NSystem.Deps.CreateSystem] (2022-08-10 10:09:43) Error: RootConfig value DrivePath is undefined.
[NebulaOS.NSystem.Deps.CreateSystem] (2022-08-10 10:09:43) Error: System creation failed. Please fix the above errors and restart the system.
[NebulaOS.Root.Main] (2022-08-10 10:09:45) Info: System root variables loaded.
[NebulaOS.Root.Main] (2022-08-10 10:09:45) Info: Done
[NebulaOS.Booting] (2022-08-10 10:09:45) System: Booting NebulaOS...
[NebulaOS.Root.Main] (2022-08-10 10:09:57) Info: Using drive: OS
[NebulaOS.Root.Main] (2022-08-10 10:09:58) Info: Creating user and system dependencies...
[NebulaOS.Root.Main] (2022-08-10 10:09:58) Info: Loading system..
[NebulaOS.NSystem.Deps.CreateSystem] (2022-08-10 10:09:58) Error: RootConfig value Drives is undefined.
[NebulaOS.NSystem.Deps.CreateSystem] (2022-08-10 10:09:58) Error: RootConfig value DefaultDrive is undefined.
[NebulaOS.NSystem.Deps.CreateSystem] (2022-08-10 10:09:58) Error: RootConfig value DrivePath is undefined.
[NebulaOS.NSystem.Deps.CreateSystem] (2022-08-10 10:09:58) Error: System creation failed. Please fix the above errors and restart the system.
[NebulaOS.Root.Main] (2022-08-10 10:10:49) Info: Using drive: OS
[NebulaOS.Root.Main] (2022-08-10 10:10:49) Info: Creating user and system dependencies...
[NebulaOS.Root.Main] (2022-08-10 10:10:49) Info: Loading system..
[NebulaOS.Root.Main] (2022-08-10 10:10:51) Info: System root variables loaded.
[NebulaOS.Root.Main] (2022-08-10 10:10:51) Info: Done
[NebulaOS.Booting] (2022-08-10 10:10:51) System: Booting NebulaOS...
[NebulaOS.Root.Main] (2022-08-12 13:11:44) Info: Using drive: OS
[NebulaOS.Root.Main] (2022-08-12 13:11:44) Info: Creating user and system dependencies...
[NebulaOS.Root.Main] (2022-08-12 13:12:14) Info: Using drive: OS
[NebulaOS.Root.Main] (2022-08-12 13:12:14) Info: Creating user and system dependencies...
[NebulaOS.Root.Main] (2022-08-12 13:12:42) Info: Using drive: OS
[NebulaOS.Root.Main] (2022-08-12 13:12:42) Info: Creating user and system dependencies...
[NebulaOS.Root.Main] (2022-08-12 13:13:09) Info: Using drive: OS
[NebulaOS.Root.Main] (2022-08-12 13:13:09) Info: Creating user and system dependencies...
[NebulaOS.Root.Main] (2022-08-12 13:13:22) Info: Using drive: OS
[NebulaOS.Root.Main] (2022-08-12 13:13:22) Info: Creating user and system dependencies...
[NebulaOS.Root.Main] (2022-08-12 13:13:55) Info: Using drive: OS
[NebulaOS.Root.Main] (2022-08-12 13:13:55) Info: Creating user and system dependencies...
[NebulaOS.Root.Main] (2022-08-12 13:14:13) Info: Using drive: OS
[NebulaOS.Root.Main] (2022-08-12 13:14:13) Info: Creating user and system dependencies...
[NebulaOS.Root.Main] (2022-08-12 13:14:57) Info: Using drive: OS
[NebulaOS.Root.Main] (2022-08-12 13:14:57) Info: Creating user and system dependencies...
[NebulaOS.Root.Main] (2022-08-12 13:17:30) Info: Using drive: OS
[NebulaOS.Root.Main] (2022-08-12 13:17:30) Info: Creating user and system dependencies...
[NebulaOS.Root.Main] (2022-08-12 13:18:24) Info: Using drive: OS
[NebulaOS.Root.Main] (2022-08-12 13:18:24) Info: Creating user and system dependencies...
[NebulaOS.Root.Main] (2022-08-12 13:19:04) Info: Using drive: OS
[NebulaOS.Root.Main] (2022-08-12 13:19:04) Info: Creating user and system dependencies...
[NebulaOS.Root.Main] (2022-08-12 13:19:43) Info: Using drive: OS
[NebulaOS.Root.Main] (2022-08-12 13:19:43) Info: Creating user and system dependencies...
[NebulaOS.Root.Main] (2022-08-12 13:21:18) Info: Using drive: OS
[NebulaOS.Root.Main] (2022-08-12 13:21:18) Info: Creating user and system dependencies...
[NebulaOS.Root.Main] (2022-08-12 13:21:52) Info: Using drive: OS
[NebulaOS.Root.Main] (2022-08-12 13:21:52) Info: Creating user and system dependencies...
[NebulaOS.Root.Main] (2022-08-12 13:23:41) Info: Using drive: OS
[NebulaOS.Root.Main] (2022-08-12 13:23:41) Info: Creating user and system dependencies...
[NebulaOS.Root.Main] (2022-08-12 13:24:03) Info: Using drive: OS
[NebulaOS.Root.Main] (2022-08-12 13:24:03) Info: Creating user and system dependencies...
[NebulaOS.Root.Main] (2022-08-12 13:26:31) Info: Using drive: OS
[NebulaOS.Root.Main] (2022-08-12 13:26:31) Info: Creating user and system dependencies...
[NebulaOS.Root.Main] (2022-08-12 13:32:06) Info: Using drive: OS
[NebulaOS.Root.Main] (2022-08-12 13:32:06) Info: Creating user and system dependencies...
[NebulaOS.NSystem.Deps.CreateDeps] (2022-08-12 13:32:06) Info: Creating test directory structure for stored JSON data...
[NebulaOS.Root.Main] (2022-08-12 13:32:11) Info: Loading system..
[NebulaOS.Root.Main] (2022-08-12 13:32:11) Info: System root variables loaded.
[NebulaOS.Root.Main] (2022-08-12 13:32:11) Info: Done
[NebulaOS.Booting] (2022-08-12 13:32:11) System: Booting NebulaOS...
[NebulaOS.Root.Main] (2022-08-12 13:32:26) Info: Using drive: OS
[NebulaOS.Root.Main] (2022-08-12 13:32:26) Info: Creating user and system dependencies...
[NebulaOS.NSystem.Deps.CreateDeps] (2022-08-12 13:32:26) Info: Creating test directory structure for stored JSON data...
[NebulaOS.Root.Main] (2022-08-12 13:32:31) Info: Loading system..
[NebulaOS.Root.Main] (2022-08-12 13:32:31) Info: System root variables loaded.
[NebulaOS.Root.Main] (2022-08-12 13:32:31) Info: Done
[NebulaOS.Booting] (2022-08-12 13:32:31) System: Booting NebulaOS...
[NebulaOS.Root.Main] (2022-08-12 13:32:41) Info: Using drive: OS
[NebulaOS.Root.Main] (2022-08-12 13:32:41) Info: Creating user and system dependencies...
[NebulaOS.NSystem.Deps.CreateDeps] (2022-08-12 13:32:41) Info: Creating test directory structure for stored JSON data...
[NebulaOS.Root.Main] (2022-08-12 13:32:45) Info: Loading system..
[NebulaOS.Root.Main] (2022-08-12 13:32:46) Info: System root variables loaded.
[NebulaOS.Root.Main] (2022-08-12 13:32:46) Info: Done
[NebulaOS.Booting] (2022-08-12 13:32:46) System: Booting NebulaOS...
[NebulaOS.Root.Main] (2022-08-12 13:32:51) Info: Using drive: OS
[NebulaOS.Root.Main] (2022-08-12 13:32:51) Info: Creating user and system dependencies...
[NebulaOS.NSystem.Deps.CreateDeps] (2022-08-12 13:32:51) Info: Creating test directory structure for stored JSON data...
[NebulaOS.Root.Main] (2022-08-12 13:32:55) Info: Loading system..
[NebulaOS.Root.Main] (2022-08-12 13:32:56) Info: System root variables loaded.
[NebulaOS.Root.Main] (2022-08-12 13:32:56) Info: Done
[NebulaOS.Booting] (2022-08-12 13:32:56) System: Booting NebulaOS...
[NebulaOS.Root.Main] (2022-08-12 13:33:15) Info: Using drive: OS
[NebulaOS.Root.Main] (2022-08-12 13:33:15) Info: Creating user and system dependencies...
[NebulaOS.NSystem.Deps.CreateDeps] (2022-08-12 13:33:15) Info: Creating test directory structure for stored JSON data...
[NebulaOS.Root.Main] (2022-08-12 13:33:20) Info: Loading system..
[NebulaOS.Root.Main] (2022-08-12 13:33:20) Info: System root variables loaded.
[NebulaOS.Root.Main] (2022-08-12 13:33:20) Info: Done
[NebulaOS.Booting] (2022-08-12 13:33:20) System: Booting NebulaOS...
[NebulaOS.Root.Main] (2022-08-12 13:33:40) Info: Using drive: OS
[NebulaOS.Root.Main] (2022-08-12 13:33:40) Info: Creating user and system dependencies...
[NebulaOS.NSystem.Deps.CreateDeps] (2022-08-12 13:33:40) Info: Creating test directory structure for stored JSON data...
[NebulaOS.Root.Main] (2022-08-12 13:33:45) Info: Loading system..
[NebulaOS.Root.Main] (2022-08-12 13:33:45) Info: System root variables loaded.
[NebulaOS.Root.Main] (2022-08-12 13:33:45) Info: Done
[NebulaOS.Booting] (2022-08-12 13:33:45) System: Booting NebulaOS...
[NebulaOS.Root.Main] (2022-08-12 13:33:59) Info: Using drive: OS
[NebulaOS.Root.Main] (2022-08-12 13:33:59) Info: Creating user and system dependencies...
[NebulaOS.NSystem.Deps.CreateDeps] (2022-08-12 13:33:59) Info: Creating test directory structure for stored JSON data...
[NebulaOS.Root.Main] (2022-08-12 13:34:04) Info: Loading system..
[NebulaOS.Root.Main] (2022-08-12 13:34:04) Info: System root variables loaded.
[NebulaOS.Root.Main] (2022-08-12 13:34:04) Info: Done
[NebulaOS.Booting] (2022-08-12 13:34:04) System: Booting NebulaOS...
[NebulaOS.Root.Main] (2022-08-12 13:34:20) Info: Using drive: OS
[NebulaOS.Root.Main] (2022-08-12 13:34:20) Info: Creating user and system dependencies...
[NebulaOS.NSystem.Deps.CreateDeps] (2022-08-12 13:34:20) Info: Creating test directory structure for stored JSON data...
[NebulaOS.Root.Main] (2022-08-12 13:34:24) Info: Loading system..
[NebulaOS.Root.Main] (2022-08-12 13:34:25) Info: System root variables loaded.
[NebulaOS.Root.Main] (2022-08-12 13:34:25) Info: Done
[NebulaOS.Booting] (2022-08-12 13:34:25) System: Booting NebulaOS...
[NebulaOS.Root.Main] (2022-08-12 13:34:29) Info: Using drive: OS
[NebulaOS.Root.Main] (2022-08-12 13:34:29) Info: Creating user and system dependencies...
[NebulaOS.NSystem.Deps.CreateDeps] (2022-08-12 13:34:29) Info: Creating test directory structure for stored JSON data...
[NebulaOS.Root.Main] (2022-08-12 13:34:34) Info: Loading system..
[NebulaOS.Root.Main] (2022-08-12 13:34:35) Info: System root variables loaded.
[NebulaOS.Root.Main] (2022-08-12 13:34:35) Info: Done
[NebulaOS.Booting] (2022-08-12 13:34:35) System: Booting NebulaOS...
[NebulaOS.Root.Main] (2022-08-12 13:35:01) Info: Using drive: OS
[NebulaOS.Root.Main] (2022-08-12 13:35:01) Info: Creating user and system dependencies...
[NebulaOS.NSystem.Deps.CreateDeps] (2022-08-12 13:35:01) Info: Creating test directory structure for stored JSON data...
[NebulaOS.Root.Main] (2022-08-12 13:35:01) Info: Loading system..
[NebulaOS.Root.Main] (2022-08-12 13:35:02) Info: System root variables loaded.
[NebulaOS.Root.Main] (2022-08-12 13:35:02) Info: Done
[NebulaOS.Booting] (2022-08-12 13:35:02) System: Booting NebulaOS...
